This is pdfTeX, Version 3.14159265-2.6-1.40.20 (TeX Live 2019/Debian) (preloaded format=pdflatex 2022.9.28)  4 DEC 2022 20:33
entering extended mode
 restricted \write18 enabled.
 %&-line parsing enabled.
**jmonteir_hw5.tex
(./jmonteir_hw5.tex
LaTeX2e <2020-02-02> patch level 2
L3 programming layer <2020-02-14>
(/usr/share/texlive/texmf-dist/tex/latex/base/article.cls
Document Class: article 2019/12/20 v1.4l Standard LaTeX document class
(/usr/share/texlive/texmf-dist/tex/latex/base/size11.clo
File: size11.clo 2019/12/20 v1.4l Standard LaTeX file (size option)
)
\c@part=\count167
\c@section=\count168
\c@subsection=\count169
\c@subsubsection=\count170
\c@paragraph=\count171
\c@subparagraph=\count172
\c@figure=\count173
\c@table=\count174
\abovecaptionskip=\skip47
\belowcaptionskip=\skip48
\bibindent=\dimen134
)
(/usr/share/texlive/texmf-dist/tex/latex/amsmath/amsmath.sty
Package: amsmath 2020/01/20 v2.17e AMS math features
\@mathmargin=\skip49

For additional information on amsmath, use the `?' option.
(/usr/share/texlive/texmf-dist/tex/latex/amsmath/amstext.sty
Package: amstext 2000/06/29 v2.01 AMS text

(/usr/share/texlive/texmf-dist/tex/latex/amsmath/amsgen.sty
File: amsgen.sty 1999/11/30 v2.0 generic functions
\@emptytoks=\toks14
\ex@=\dimen135
))
(/usr/share/texlive/texmf-dist/tex/latex/amsmath/amsbsy.sty
Package: amsbsy 1999/11/29 v1.2d Bold Symbols
\pmbraise@=\dimen136
)
(/usr/share/texlive/texmf-dist/tex/latex/amsmath/amsopn.sty
Package: amsopn 2016/03/08 v2.02 operator names
)
\inf@bad=\count175
LaTeX Info: Redefining \frac on input line 227.
\uproot@=\count176
\leftroot@=\count177
LaTeX Info: Redefining \overline on input line 389.
\classnum@=\count178
\DOTSCASE@=\count179
LaTeX Info: Redefining \ldots on input line 486.
LaTeX Info: Redefining \dots on input line 489.
LaTeX Info: Redefining \cdots on input line 610.
\Mathstrutbox@=\box45
\strutbox@=\box46
\big@size=\dimen137
LaTeX Font Info:    Redeclaring font encoding OML on input line 733.
LaTeX Font Info:    Redeclaring font encoding OMS on input line 734.
\macc@depth=\count180
\c@MaxMatrixCols=\count181
\dotsspace@=\muskip16
\c@parentequation=\count182
\dspbrk@lvl=\count183
\tag@help=\toks15
\row@=\count184
\column@=\count185
\maxfields@=\count186
\andhelp@=\toks16
\eqnshift@=\dimen138
\alignsep@=\dimen139
\tagshift@=\dimen140
\tagwidth@=\dimen141
\totwidth@=\dimen142
\lineht@=\dimen143
\@envbody=\toks17
\multlinegap=\skip50
\multlinetaggap=\skip51
\mathdisplay@stack=\toks18
LaTeX Info: Redefining \[ on input line 2859.
LaTeX Info: Redefining \] on input line 2860.
)
(/usr/share/texlive/texmf-dist/tex/latex/amsfonts/amssymb.sty
Package: amssymb 2013/01/14 v3.01 AMS font symbols

(/usr/share/texlive/texmf-dist/tex/latex/amsfonts/amsfonts.sty
Package: amsfonts 2013/01/14 v3.01 Basic AMSFonts support
\symAMSa=\mathgroup4
\symAMSb=\mathgroup5
LaTeX Font Info:    Redeclaring math symbol \hbar on input line 98.
LaTeX Font Info:    Overwriting math alphabet `\mathfrak' in version `bold'
(Font)                  U/euf/m/n --> U/euf/b/n on input line 106.
))
(/usr/share/texlive/texmf-dist/tex/latex/fancyhdr/fancyhdr.sty
Package: fancyhdr 2019/01/31 v3.10 Extensive control of page headers and footer
s
\f@nch@headwidth=\skip52
\f@nch@O@elh=\skip53
\f@nch@O@erh=\skip54
\f@nch@O@olh=\skip55
\f@nch@O@orh=\skip56
\f@nch@O@elf=\skip57
\f@nch@O@erf=\skip58
\f@nch@O@olf=\skip59
\f@nch@O@orf=\skip60
)
(/usr/share/texlive/texmf-dist/tex/latex/graphics/graphicx.sty
Package: graphicx 2019/11/30 v1.2a Enhanced LaTeX Graphics (DPC,SPQR)

(/usr/share/texlive/texmf-dist/tex/latex/graphics/keyval.sty
Package: keyval 2014/10/28 v1.15 key=value parser (DPC)
\KV@toks@=\toks19
)
(/usr/share/texlive/texmf-dist/tex/latex/graphics/graphics.sty
Package: graphics 2019/11/30 v1.4a Standard LaTeX Graphics (DPC,SPQR)

(/usr/share/texlive/texmf-dist/tex/latex/graphics/trig.sty
Package: trig 2016/01/03 v1.10 sin cos tan (DPC)
)
(/usr/share/texlive/texmf-dist/tex/latex/graphics-cfg/graphics.cfg
File: graphics.cfg 2016/06/04 v1.11 sample graphics configuration
)
Package graphics Info: Driver file: pdftex.def on input line 105.

(/usr/share/texlive/texmf-dist/tex/latex/graphics-def/pdftex.def
File: pdftex.def 2018/01/08 v1.0l Graphics/color driver for pdftex
))
\Gin@req@height=\dimen144
\Gin@req@width=\dimen145
)
(/usr/share/texlive/texmf-dist/tex/latex/caption/subcaption.sty
Package: subcaption 2020/01/22 v1.3d Sub-captions (AR)

(/usr/share/texlive/texmf-dist/tex/latex/caption/caption.sty
Package: caption 2020/01/03 v3.4h Customizing captions (AR)

(/usr/share/texlive/texmf-dist/tex/latex/caption/caption3.sty
Package: caption3 2020/01/03 v1.8h caption3 kernel (AR)
Package caption3 Info: TeX engine: e-TeX on input line 61.
\captionmargin=\dimen146
\captionmargin@=\dimen147
\captionwidth=\dimen148
\caption@tempdima=\dimen149
\caption@indent=\dimen150
\caption@parindent=\dimen151
\caption@hangindent=\dimen152
Package caption Info: Standard document class detected.
)
\c@caption@flags=\count187
\c@continuedfloat=\count188
)
\c@subfigure=\count189
\c@subtable=\count190
)
(/usr/share/texlive/texmf-dist/tex/latex/multirow/multirow.sty
Package: multirow 2019/05/31 v2.5 Span multiple rows of a table
\multirow@colwidth=\skip61
\multirow@cntb=\count191
\multirow@dima=\skip62
\bigstrutjot=\dimen153
)
(/usr/share/texlive/texmf-dist/tex/latex/bbm-macros/bbm.sty
Package: bbm 1999/03/15 V 1.2 provides fonts for set symbols - TH
LaTeX Font Info:    Overwriting math alphabet `\mathbbm' in version `bold'
(Font)                  U/bbm/m/n --> U/bbm/bx/n on input line 33.
LaTeX Font Info:    Overwriting math alphabet `\mathbbmss' in version `bold'
(Font)                  U/bbmss/m/n --> U/bbmss/bx/n on input line 35.
)
(/usr/share/texlive/texmf-dist/tex/latex/tools/bm.sty
Package: bm 2019/07/24 v1.2d Bold Symbol Support (DPC/FMi)
\symboldoperators=\mathgroup6
\symboldletters=\mathgroup7
\symboldsymbols=\mathgroup8
LaTeX Font Info:    Redeclaring math alphabet \mathbf on input line 141.
LaTeX Info: Redefining \bm on input line 209.
)
(/usr/share/texlive/texmf-dist/tex/latex/wasysym/wasysym.sty
Package: wasysym 2020/01/19 v2.4 Wasy-2 symbol support package
\symwasy=\mathgroup9
LaTeX Font Info:    Overwriting symbol font `wasy' in version `bold'
(Font)                  U/wasy/m/n --> U/wasy/b/n on input line 93.
)
(/usr/share/texlive/texmf-dist/tex/latex/hyperref/hyperref.sty
Package: hyperref 2020/01/14 v7.00d Hypertext links for LaTeX

(/usr/share/texlive/texmf-dist/tex/generic/ltxcmds/ltxcmds.sty
Package: ltxcmds 2019/12/15 v1.24 LaTeX kernel commands for general use (HO)
)
(/usr/share/texlive/texmf-dist/tex/generic/iftex/iftex.sty
Package: iftex 2019/11/07 v1.0c TeX engine tests
)
(/usr/share/texlive/texmf-dist/tex/latex/pdftexcmds/pdftexcmds.sty
Package: pdftexcmds 2019/11/24 v0.31 Utility functions of pdfTeX for LuaTeX (HO
)

(/usr/share/texlive/texmf-dist/tex/generic/infwarerr/infwarerr.sty
Package: infwarerr 2019/12/03 v1.5 Providing info/warning/error messages (HO)
)
Package pdftexcmds Info: \pdf@primitive is available.
Package pdftexcmds Info: \pdf@ifprimitive is available.
Package pdftexcmds Info: \pdfdraftmode found.
)
(/usr/share/texlive/texmf-dist/tex/generic/kvsetkeys/kvsetkeys.sty
Package: kvsetkeys 2019/12/15 v1.18 Key value parser (HO)
)
(/usr/share/texlive/texmf-dist/tex/generic/kvdefinekeys/kvdefinekeys.sty
Package: kvdefinekeys 2019-12-19 v1.6 Define keys (HO)
)
(/usr/share/texlive/texmf-dist/tex/generic/pdfescape/pdfescape.sty
Package: pdfescape 2019/12/09 v1.15 Implements pdfTeX's escape features (HO)
)
(/usr/share/texlive/texmf-dist/tex/latex/hycolor/hycolor.sty
Package: hycolor 2020-01-27 v1.10 Color options for hyperref/bookmark (HO)
)
(/usr/share/texlive/texmf-dist/tex/latex/letltxmacro/letltxmacro.sty
Package: letltxmacro 2019/12/03 v1.6 Let assignment for LaTeX macros (HO)
)
(/usr/share/texlive/texmf-dist/tex/latex/auxhook/auxhook.sty
Package: auxhook 2019-12-17 v1.6 Hooks for auxiliary files (HO)
)
(/usr/share/texlive/texmf-dist/tex/latex/kvoptions/kvoptions.sty
Package: kvoptions 2019/11/29 v3.13 Key value format for package options (HO)
)
\@linkdim=\dimen154
\Hy@linkcounter=\count192
\Hy@pagecounter=\count193

(/usr/share/texlive/texmf-dist/tex/latex/hyperref/pd1enc.def
File: pd1enc.def 2020/01/14 v7.00d Hyperref: PDFDocEncoding definition (HO)
Now handling font encoding PD1 ...
... no UTF-8 mapping file for font encoding PD1
)
(/usr/share/texlive/texmf-dist/tex/generic/intcalc/intcalc.sty
Package: intcalc 2019/12/15 v1.3 Expandable calculations with integers (HO)
)
(/usr/share/texlive/texmf-dist/tex/generic/etexcmds/etexcmds.sty
Package: etexcmds 2019/12/15 v1.7 Avoid name clashes with e-TeX commands (HO)
)
\Hy@SavedSpaceFactor=\count194
\pdfmajorversion=\count195
Package hyperref Info: Hyper figures OFF on input line 4547.
Package hyperref Info: Link nesting OFF on input line 4552.
Package hyperref Info: Hyper index ON on input line 4555.
Package hyperref Info: Plain pages OFF on input line 4562.
Package hyperref Info: Backreferencing OFF on input line 4567.
Package hyperref Info: Implicit mode ON; LaTeX internals redefined.
Package hyperref Info: Bookmarks ON on input line 4800.
\c@Hy@tempcnt=\count196

(/usr/share/texlive/texmf-dist/tex/latex/url/url.sty
\Urlmuskip=\muskip17
Package: url 2013/09/16  ver 3.4  Verb mode for urls, etc.
)
LaTeX Info: Redefining \url on input line 5159.
\XeTeXLinkMargin=\dimen155

(/usr/share/texlive/texmf-dist/tex/generic/bitset/bitset.sty
Package: bitset 2019/12/09 v1.3 Handle bit-vector datatype (HO)

(/usr/share/texlive/texmf-dist/tex/generic/bigintcalc/bigintcalc.sty
Package: bigintcalc 2019/12/15 v1.5 Expandable calculations on big integers (HO
)
))
\Fld@menulength=\count197
\Field@Width=\dimen156
\Fld@charsize=\dimen157
Package hyperref Info: Hyper figures OFF on input line 6430.
Package hyperref Info: Link nesting OFF on input line 6435.
Package hyperref Info: Hyper index ON on input line 6438.
Package hyperref Info: backreferencing OFF on input line 6445.
Package hyperref Info: Link coloring OFF on input line 6450.
Package hyperref Info: Link coloring with OCG OFF on input line 6455.
Package hyperref Info: PDF/A mode OFF on input line 6460.
LaTeX Info: Redefining \ref on input line 6500.
LaTeX Info: Redefining \pageref on input line 6504.

(/usr/share/texlive/texmf-dist/tex/generic/atbegshi/atbegshi.sty
Package: atbegshi 2019/12/05 v1.19 At begin shipout hook (HO)
)
\Hy@abspage=\count198
\c@Item=\count199
\c@Hfootnote=\count266
)
Package hyperref Info: Driver (autodetected): hpdftex.

(/usr/share/texlive/texmf-dist/tex/latex/hyperref/hpdftex.def
File: hpdftex.def 2020/01/14 v7.00d Hyperref driver for pdfTeX

(/usr/share/texlive/texmf-dist/tex/latex/atveryend/atveryend.sty
Package: atveryend 2019-12-11 v1.11 Hooks at the very end of document (HO)
Package atveryend Info: \enddocument detected (standard20110627).
)
\Fld@listcount=\count267
\c@bookmark@seq@number=\count268

(/usr/share/texlive/texmf-dist/tex/latex/rerunfilecheck/rerunfilecheck.sty
Package: rerunfilecheck 2019/12/05 v1.9 Rerun checks for auxiliary files (HO)

(/usr/share/texlive/texmf-dist/tex/generic/uniquecounter/uniquecounter.sty
Package: uniquecounter 2019/12/15 v1.4 Provide unlimited unique counter (HO)
)
Package uniquecounter Info: New unique counter `rerunfilecheck' on input line 2
86.
)
\Hy@SectionHShift=\skip63
)
(/usr/share/texlive/texmf-dist/tex/latex/makecell/makecell.sty
Package: makecell 2009/08/03 V0.1e Managing of Tab Column Heads and Cells

(/usr/share/texlive/texmf-dist/tex/latex/tools/array.sty
Package: array 2019/08/31 v2.4l Tabular extension package (FMi)
\col@sep=\dimen158
\ar@mcellbox=\box47
\extrarowheight=\dimen159
\NC@list=\toks20
\extratabsurround=\skip64
\backup@length=\skip65
\ar@cellbox=\box48
)
\rotheadsize=\dimen160
\c@nlinenum=\count269
\TeXr@lab=\toks21
)
Package hyperref Info: Option `colorlinks' set `true' on input line 19.

(/usr/share/texlive/texmf-dist/tex/latex/l3backend/l3backend-pdfmode.def
File: l3backend-pdfmode.def 2020-02-03 L3 backend support: PDF mode
\l__kernel_color_stack_int=\count270
\l__pdf_internal_box=\box49
)
(./jmonteir_hw5.aux)
\openout1 = `jmonteir_hw5.aux'.

LaTeX Font Info:    Checking defaults for OML/cmm/m/it on input line 68.
LaTeX Font Info:    ... okay on input line 68.
LaTeX Font Info:    Checking defaults for OMS/cmsy/m/n on input line 68.
LaTeX Font Info:    ... okay on input line 68.
LaTeX Font Info:    Checking defaults for OT1/cmr/m/n on input line 68.
LaTeX Font Info:    ... okay on input line 68.
LaTeX Font Info:    Checking defaults for T1/cmr/m/n on input line 68.
LaTeX Font Info:    ... okay on input line 68.
LaTeX Font Info:    Checking defaults for TS1/cmr/m/n on input line 68.
LaTeX Font Info:    ... okay on input line 68.
LaTeX Font Info:    Checking defaults for OMX/cmex/m/n on input line 68.
LaTeX Font Info:    ... okay on input line 68.
LaTeX Font Info:    Checking defaults for U/cmr/m/n on input line 68.
LaTeX Font Info:    ... okay on input line 68.
LaTeX Font Info:    Checking defaults for PD1/pdf/m/n on input line 68.
LaTeX Font Info:    ... okay on input line 68.

(/usr/share/texlive/texmf-dist/tex/context/base/mkii/supp-pdf.mkii
[Loading MPS to PDF converter (version 2006.09.02).]
\scratchcounter=\count271
\scratchdimen=\dimen161
\scratchbox=\box50
\nofMPsegments=\count272
\nofMParguments=\count273
\everyMPshowfont=\toks22
\MPscratchCnt=\count274
\MPscratchDim=\dimen162
\MPnumerator=\count275
\makeMPintoPDFobject=\count276
\everyMPtoPDFconversion=\toks23
) (/usr/share/texlive/texmf-dist/tex/latex/epstopdf-pkg/epstopdf-base.sty
Package: epstopdf-base 2020-01-24 v2.11 Base part for package epstopdf
Package epstopdf-base Info: Redefining graphics rule for `.eps' on input line 4
85.

(/usr/share/texlive/texmf-dist/tex/latex/latexconfig/epstopdf-sys.cfg
File: epstopdf-sys.cfg 2010/07/13 v1.3 Configuration of (r)epstopdf for TeX Liv
e
))
Package caption Info: Begin \AtBeginDocument code.
Package caption Info: hyperref package is loaded.
Package caption Info: End \AtBeginDocument code.
\AtBeginShipoutBox=\box51

(/usr/share/texlive/texmf-dist/tex/latex/graphics/color.sty
Package: color 2019/11/23 v1.2a Standard LaTeX Color (DPC)

(/usr/share/texlive/texmf-dist/tex/latex/graphics-cfg/color.cfg
File: color.cfg 2016/01/02 v1.6 sample color configuration
)
Package color Info: Driver file: pdftex.def on input line 147.
)
Package hyperref Info: Link coloring ON on input line 68.

(/usr/share/texlive/texmf-dist/tex/latex/hyperref/nameref.sty
Package: nameref 2019/09/16 v2.46 Cross-referencing by name of section

(/usr/share/texlive/texmf-dist/tex/latex/refcount/refcount.sty
Package: refcount 2019/12/15 v3.6 Data extraction from label references (HO)
)
(/usr/share/texlive/texmf-dist/tex/generic/gettitlestring/gettitlestring.sty
Package: gettitlestring 2019/12/15 v1.6 Cleanup title references (HO)
)
\c@section@level=\count277
)
LaTeX Info: Redefining \ref on input line 68.
LaTeX Info: Redefining \pageref on input line 68.
LaTeX Info: Redefining \nameref on input line 68.

(./jmonteir_hw5.out) (./jmonteir_hw5.out)
\@outlinefile=\write3
\openout3 = `jmonteir_hw5.out'.

LaTeX Font Info:    Trying to load font information for U+msa on input line 83.


(/usr/share/texlive/texmf-dist/tex/latex/amsfonts/umsa.fd
File: umsa.fd 2013/01/14 v3.01 AMS symbols A
)
LaTeX Font Info:    Trying to load font information for U+msb on input line 83.


(/usr/share/texlive/texmf-dist/tex/latex/amsfonts/umsb.fd
File: umsb.fd 2013/01/14 v3.01 AMS symbols B
)
LaTeX Font Info:    Trying to load font information for U+wasy on input line 83
.

(/usr/share/texlive/texmf-dist/tex/latex/wasysym/uwasy.fd
File: uwasy.fd 2020/01/19 v2.4 Wasy-2 symbol font definitions
)

Package Fancyhdr Warning: \headheight is too small (12.0pt): 
Make it at least 13.59999pt.
We now make it that large for the rest of the document.
This may cause the page layout to be inconsistent, however.

[1

{/var/lib/texmf/fonts/map/pdftex/updmap/pdftex.map}]

Package Fancyhdr Warning: \headheight is too small (13.59999pt): 
Make it at least 25.16252pt.
We now make it that large for the rest of the document.
This may cause the page layout to be inconsistent, however.

[2

] [3

] [4

] [5

] [6

] [7

]
<figures/initialize_weights_snapshot.png, id=54, 517.935pt x 127.22531pt>
File: figures/initialize_weights_snapshot.png Graphic file (type png)
<use figures/initialize_weights_snapshot.png>
Package pdftex.def Info: figures/initialize_weights_snapshot.png  used on input
 line 205.
(pdftex.def)             Requested size: 305.15292pt x 74.96132pt.
 [8

 <./figures/initialize_weights_snapshot.PNG>]
[9

]
<figures/sigmoid_snapshot.png, id=67, 163.3603pt x 64.74188pt>
File: figures/sigmoid_snapshot.png Graphic file (type png)
<use figures/sigmoid_snapshot.png>
Package pdftex.def Info: figures/sigmoid_snapshot.png  used on input line 225.
(pdftex.def)             Requested size: 164.31752pt x 65.12105pt.
 [10

 <./figures/sigmoid_snapshot.PNG>]
<figures/softmax_snapshot.png, id=75, 359.09157pt x 173.89969pt>
File: figures/softmax_snapshot.png Graphic file (type png)
<use figures/softmax_snapshot.png>
Package pdftex.def Info: figures/softmax_snapshot.png  used on input line 237.
(pdftex.def)             Requested size: 258.21017pt x 125.05376pt.
 [11

 <./figures/softmax_snapshot.PNG>]
<figures/loss_snapshot.png, id=83, 448.67625pt x 124.96687pt>
File: figures/loss_snapshot.png Graphic file (type png)
<use figures/loss_snapshot.png>
Package pdftex.def Info: figures/loss_snapshot.png  used on input line 248.
(pdftex.def)             Requested size: 258.21017pt x 71.92023pt.
[12

 <./figures/loss_snapshot.PNG>]
<figures/backwards_snapshot.png, id=91, 399.74344pt x 428.35031pt>
File: figures/backwards_snapshot.png Graphic file (type png)
<use figures/backwards_snapshot.png>
Package pdftex.def Info: figures/backwards_snapshot.png  used on input line 259
.
(pdftex.def)             Requested size: 258.21017pt x 276.69887pt.
 [13

 <./figures/backwards_snapshot.PNG>]
<figures/batches_snapshot.png, id=100, 414.04688pt x 257.46187pt>
File: figures/batches_snapshot.png Graphic file (type png)
<use figures/batches_snapshot.png>
Package pdftex.def Info: figures/batches_snapshot.png  used on input line 272.
(pdftex.def)             Requested size: 211.26027pt x 131.36665pt.
<figures/forward_backward_snapshot.png, id=102, 540.51938pt x 621.82312pt>
File: figures/forward_backward_snapshot.png Graphic file (type png)
<use figures/forward_backward_snapshot.png>
Package pdftex.def Info: figures/forward_backward_snapshot.png  used on input l
ine 281.
(pdftex.def)             Requested size: 258.21017pt x 297.05795pt.

[14

 <./figures/batches_snapshot.PNG> <./figures/forward_backward_snapshot.PNG>]
<figures/gradient_checker.png, id=112, 1293.33188pt x 620.3175pt>
File: figures/gradient_checker.png Graphic file (type png)
<use figures/gradient_checker.png>
Package pdftex.def Info: figures/gradient_checker.png  used on input line 294.
(pdftex.def)             Requested size: 445.9955pt x 213.90565pt.
[15

 <./figures/gradient_checker.png>]
<figures/q_3_1_loss.png, id=119, 462.528pt x 346.896pt>
File: figures/q_3_1_loss.png Graphic file (type png)
<use figures/q_3_1_loss.png>
Package pdftex.def Info: figures/q_3_1_loss.png  used on input line 313.
(pdftex.def)             Requested size: 211.26027pt x 158.44664pt.
<figures/q_3_1_accuracy.png, id=120, 462.528pt x 346.896pt>
File: figures/q_3_1_accuracy.png Graphic file (type png)
<use figures/q_3_1_accuracy.png>
Package pdftex.def Info: figures/q_3_1_accuracy.png  used on input line 313.
(pdftex.def)             Requested size: 211.26027pt x 158.44664pt.
 [16

 <./figures/q_3_1_loss.png> <./figures/q_3_1_accuracy.png>]
<figures/q_3_2_loss_one_tenth.png, id=131, 462.528pt x 346.896pt>
File: figures/q_3_2_loss_one_tenth.png Graphic file (type png)
<use figures/q_3_2_loss_one_tenth.png>
Package pdftex.def Info: figures/q_3_2_loss_one_tenth.png  used on input line 3
54.
(pdftex.def)             Requested size: 211.26027pt x 158.44664pt.
<figures/q_3_2_accuracy_one_tenth.png, id=132, 462.528pt x 346.896pt>
File: figures/q_3_2_accuracy_one_tenth.png Graphic file (type png)
<use figures/q_3_2_accuracy_one_tenth.png>
Package pdftex.def Info: figures/q_3_2_accuracy_one_tenth.png  used on input li
ne 354.
(pdftex.def)             Requested size: 211.26027pt x 158.44664pt.
File: figures/q_3_1_loss.png Graphic file (type png)
<use figures/q_3_1_loss.png>
Package pdftex.def Info: figures/q_3_1_loss.png  used on input line 357.
(pdftex.def)             Requested size: 211.26027pt x 158.44664pt.
File: figures/q_3_1_accuracy.png Graphic file (type png)
<use figures/q_3_1_accuracy.png>
Package pdftex.def Info: figures/q_3_1_accuracy.png  used on input line 357.
(pdftex.def)             Requested size: 211.26027pt x 158.44664pt.
<figures/q_3_2_loss_10times.png, id=133, 462.528pt x 346.896pt>
File: figures/q_3_2_loss_10times.png Graphic file (type png)
<use figures/q_3_2_loss_10times.png>
Package pdftex.def Info: figures/q_3_2_loss_10times.png  used on input line 360
.
(pdftex.def)             Requested size: 211.26027pt x 158.44664pt.
<figures/q_3_2_accuracy_10times.png, id=134, 462.528pt x 346.896pt>
File: figures/q_3_2_accuracy_10times.png Graphic file (type png)
<use figures/q_3_2_accuracy_10times.png>
Package pdftex.def Info: figures/q_3_2_accuracy_10times.png  used on input line
 360.
(pdftex.def)             Requested size: 211.26027pt x 158.44664pt.

Overfull \hbox (19.69936pt too wide) in paragraph at lines 352--364
 [][] 
 []


LaTeX Warning: `!h' float specifier changed to `!ht'.

[17

] [18 <./figures/q_3_2_loss_one_tenth.png> <./figures/q_3_2_accuracy_one_tenth.
png> <./figures/q_3_2_loss_10times.png> <./figures/q_3_2_accuracy_10times.png>]
<figures/q_3_3_layer1_initial.png, id=150, 578.16pt x 578.16pt>
File: figures/q_3_3_layer1_initial.png Graphic file (type png)
<use figures/q_3_3_layer1_initial.png>
Package pdftex.def Info: figures/q_3_3_layer1_initial.png  used on input line 3
77.
(pdftex.def)             Requested size: 211.26027pt x 211.26042pt.
<figures/q_3_3_layer1_after_train.png, id=151, 578.16pt x 578.16pt>
File: figures/q_3_3_layer1_after_train.png Graphic file (type png)
<use figures/q_3_3_layer1_after_train.png>
Package pdftex.def Info: figures/q_3_3_layer1_after_train.png  used on input li
ne 377.
(pdftex.def)             Requested size: 211.26027pt x 211.26042pt.
 [19

 <./figures/q_3_3_layer1_initial.png> <./figures/q_3_3_layer1_after_train.png>]
<figures/q_3_4_confusion_matrix.png, id=161, 462.528pt x 346.896pt>
File: figures/q_3_4_confusion_matrix.png Graphic file (type png)
<use figures/q_3_4_confusion_matrix.png>
Package pdftex.def Info: figures/q_3_4_confusion_matrix.png  used on input line
 392.
(pdftex.def)             Requested size: 352.10284pt x 264.08832pt.
 [20

 <./figures/q_3_4_confusion_matrix.png>]
<figures/example_fail1.png, id=169, 257.46187pt x 73.02281pt>
File: figures/example_fail1.png Graphic file (type png)
<use figures/example_fail1.png>
Package pdftex.def Info: figures/example_fail1.png  used on input line 414.
(pdftex.def)             Requested size: 234.73523pt x 66.57898pt.
<figures/example_fail2.png, id=170, 243.15843pt x 163.3603pt>
File: figures/example_fail2.png Graphic file (type png)
<use figures/example_fail2.png>
Package pdftex.def Info: figures/example_fail2.png  used on input line 416.
(pdftex.def)             Requested size: 234.73523pt x 157.70152pt.
 [21

 <./figures/example_fail1.png> <./figures/example_fail2.png>]
<figures/findletters_snapshot.png, id=179, 433.62pt x 634.62094pt>
File: figures/findletters_snapshot.png Graphic file (type png)
<use figures/findletters_snapshot.png>
Package pdftex.def Info: figures/findletters_snapshot.png  used on input line 4
28.
(pdftex.def)             Requested size: 305.15292pt x 446.62346pt.
 [22

 <./figures/findletters_snapshot.PNG>]
<figures/q_4_3_img_01_list.png, id=188, 462.528pt x 346.896pt>
File: figures/q_4_3_img_01_list.png Graphic file (type png)
<use figures/q_4_3_img_01_list.png>
Package pdftex.def Info: figures/q_4_3_img_01_list.png  used on input line 443.

(pdftex.def)             Requested size: 211.26027pt x 158.44664pt.
<figures/q_4_3_img_02_letters.png, id=189, 462.528pt x 346.896pt>
File: figures/q_4_3_img_02_letters.png Graphic file (type png)
<use figures/q_4_3_img_02_letters.png>
Package pdftex.def Info: figures/q_4_3_img_02_letters.png  used on input line 4
43.
(pdftex.def)             Requested size: 211.26027pt x 158.44664pt.
<figures/q_4_3_img_03_haiku.png, id=190, 462.528pt x 346.896pt>
File: figures/q_4_3_img_03_haiku.png Graphic file (type png)
<use figures/q_4_3_img_03_haiku.png>
Package pdftex.def Info: figures/q_4_3_img_03_haiku.png  used on input line 446
.
(pdftex.def)             Requested size: 211.26027pt x 158.44664pt.
<figures/q_4_3_img_04_deep.png, id=191, 462.528pt x 346.896pt>
File: figures/q_4_3_img_04_deep.png Graphic file (type png)
<use figures/q_4_3_img_04_deep.png>
Package pdftex.def Info: figures/q_4_3_img_04_deep.png  used on input line 446.

(pdftex.def)             Requested size: 211.26027pt x 158.44664pt.
[23

 <./figures/q_4_3_img_01_list.png> <./figures/q_4_3_img_02_letters.png> <./figu
res/q_4_3_img_03_haiku.png> <./figures/q_4_3_img_04_deep.png>]
<figures/01_list.jpg, id=202, 2278.5125pt x 1637.11626pt>
File: figures/01_list.jpg Graphic file (type jpg)
<use figures/01_list.jpg>
Package pdftex.def Info: figures/01_list.jpg  used on input line 469.
(pdftex.def)             Requested size: 119.71703pt x 86.00734pt.
<figures/02_letters.jpg, id=203, 2753.28625pt x 1718.42pt>
File: figures/02_letters.jpg Graphic file (type jpg)
<use figures/02_letters.jpg>
Package pdftex.def Info: figures/02_letters.jpg  used on input line 477.
(pdftex.def)             Requested size: 119.71703pt x 74.70346pt.
<figures/03_haiku.jpg, id=204, 3767.07375pt x 883.3pt>
File: figures/03_haiku.jpg Graphic file (type jpg)
<use figures/03_haiku.jpg>
Package pdftex.def Info: figures/03_haiku.jpg  used on input line 484.
(pdftex.def)             Requested size: 119.71703pt x 28.06131pt.
<figures/04_deep.jpg, id=205, 4047.12pt x 3035.34pt>
File: figures/04_deep.jpg Graphic file (type jpg)
<use figures/04_deep.jpg>
Package pdftex.def Info: figures/04_deep.jpg  used on input line 491.
(pdftex.def)             Requested size: 119.71703pt x 89.75943pt.
 [24

 <./figures/01_list.jpg> <./figures/02_letters.jpg> <./figures/03_haiku.jpg> <.
/figures/04_deep.jpg>]
<figures/auto_encoder_snapshot.png, id=212, 504.38437pt x 645.91313pt>
File: figures/auto_encoder_snapshot.png Graphic file (type png)
<use figures/auto_encoder_snapshot.png>
Package pdftex.def Info: figures/auto_encoder_snapshot.png  used on input line 
508.
(pdftex.def)             Requested size: 305.15292pt x 390.78358pt.
 [25

 <./figures/auto_encoder_snapshot.PNG>]
File: figures/auto_encoder_snapshot.png Graphic file (type png)
<use figures/auto_encoder_snapshot.png>
Package pdftex.def Info: figures/auto_encoder_snapshot.png  used on input line 
521.
(pdftex.def)             Requested size: 305.15292pt x 390.78358pt.
 [26

]
<figures/q_5_2_loss.png, id=227, 462.528pt x 346.896pt>
File: figures/q_5_2_loss.png Graphic file (type png)
<use figures/q_5_2_loss.png>
Package pdftex.def Info: figures/q_5_2_loss.png  used on input line 536.
(pdftex.def)             Requested size: 305.15292pt x 228.87794pt.
 [27

 <./figures/q_5_2_loss.png>]
<figures/q_5_3_1_comparison.png, id=235, 462.528pt x 346.896pt>
File: figures/q_5_3_1_comparison.png Graphic file (type png)
<use figures/q_5_3_1_comparison.png>
Package pdftex.def Info: figures/q_5_3_1_comparison.png  used on input line 550
.
(pdftex.def)             Requested size: 305.15292pt x 228.87794pt.
 [28

 <./figures/q_5_3_1_comparison.png>] [29

]
<figures/q_6_1_1_loss.png, id=247, 462.528pt x 346.896pt>
File: figures/q_6_1_1_loss.png Graphic file (type png)
<use figures/q_6_1_1_loss.png>
Package pdftex.def Info: figures/q_6_1_1_loss.png  used on input line 568.
(pdftex.def)             Requested size: 211.26027pt x 158.44664pt.
<figures/q_6_1_1_accuracy.png, id=248, 462.528pt x 346.896pt>
File: figures/q_6_1_1_accuracy.png Graphic file (type png)
<use figures/q_6_1_1_accuracy.png>
Package pdftex.def Info: figures/q_6_1_1_accuracy.png  used on input line 568.
(pdftex.def)             Requested size: 211.26027pt x 158.44664pt.
<figures/cnn_q611_snapshot.png, id=250, 423.83344pt x 94.10156pt>
File: figures/cnn_q611_snapshot.png Graphic file (type png)
<use figures/cnn_q611_snapshot.png>
Package pdftex.def Info: figures/cnn_q611_snapshot.png  used on input line 578.

(pdftex.def)             Requested size: 258.21017pt x 57.3315pt.
 [30

 <./figures/q_6_1_1_loss.png> <./figures/q_6_1_1_accuracy.png> <./figures/cnn_q
611_snapshot.png>]
<figures/cnn_q612_snapshot.png, id=262, 677.53125pt x 201.00093pt>
File: figures/cnn_q612_snapshot.png Graphic file (type png)
<use figures/cnn_q612_snapshot.png>
Package pdftex.def Info: figures/cnn_q612_snapshot.png  used on input line 593.

(pdftex.def)             Requested size: 305.15292pt x 90.53238pt.
 [31

 <./figures/cnn_q612_snapshot.PNG>]
<figures/q_6_1_3_loss.png, id=272, 462.528pt x 346.896pt>
File: figures/q_6_1_3_loss.png Graphic file (type png)
<use figures/q_6_1_3_loss.png>
Package pdftex.def Info: figures/q_6_1_3_loss.png  used on input line 605.
(pdftex.def)             Requested size: 211.26027pt x 158.44664pt.
<figures/q_6_1_3_accuracy.png, id=273, 462.528pt x 346.896pt>
File: figures/q_6_1_3_accuracy.png Graphic file (type png)
<use figures/q_6_1_3_accuracy.png>
Package pdftex.def Info: figures/q_6_1_3_accuracy.png  used on input line 605.
(pdftex.def)             Requested size: 211.26027pt x 158.44664pt.
<figures/cnn_q613_snapshot.png, id=275, 685.05937pt x 191.9672pt>
File: figures/cnn_q613_snapshot.png Graphic file (type png)
<use figures/cnn_q613_snapshot.png>
Package pdftex.def Info: figures/cnn_q613_snapshot.png  used on input line 614.

(pdftex.def)             Requested size: 305.15292pt x 85.51154pt.
 [32

 <./figures/q_6_1_3_loss.png> <./figures/q_6_1_3_accuracy.png> <./figures/cnn_q
613_snapshot.PNG>]
<figures/cnn_q614_snapshot.png, id=287, 683.55376pt x 264.23718pt>
File: figures/cnn_q614_snapshot.png Graphic file (type png)
<use figures/cnn_q614_snapshot.png>
Package pdftex.def Info: figures/cnn_q614_snapshot.png  used on input line 630.

(pdftex.def)             Requested size: 305.15292pt x 117.96216pt.
 [33

 <./figures/cnn_q614_snapshot.PNG>] [34

]
<figures/q_6_3_rot0.png, id=299, 462.528pt x 346.896pt>
File: figures/q_6_3_rot0.png Graphic file (type png)
<use figures/q_6_3_rot0.png>
Package pdftex.def Info: figures/q_6_3_rot0.png  used on input line 653.
(pdftex.def)             Requested size: 211.26027pt x 158.44664pt.
<figures/q_6_3_rot89.png, id=300, 462.528pt x 346.896pt>
File: figures/q_6_3_rot89.png Graphic file (type png)
<use figures/q_6_3_rot89.png>
Package pdftex.def Info: figures/q_6_3_rot89.png  used on input line 653.
(pdftex.def)             Requested size: 211.26027pt x 158.44664pt.
<figures/q_6_3_rot179.png, id=301, 462.528pt x 346.896pt>
File: figures/q_6_3_rot179.png Graphic file (type png)
<use figures/q_6_3_rot179.png>
Package pdftex.def Info: figures/q_6_3_rot179.png  used on input line 656.
(pdftex.def)             Requested size: 211.26027pt x 158.44664pt.
<figures/q_6_3_rot269.png, id=302, 462.528pt x 346.896pt>
File: figures/q_6_3_rot269.png Graphic file (type png)
<use figures/q_6_3_rot269.png>
Package pdftex.def Info: figures/q_6_3_rot269.png  used on input line 656.
(pdftex.def)             Requested size: 211.26027pt x 158.44664pt.
Package atveryend Info: Empty hook `BeforeClearDocument' on input line 667.
 [35

 <./figures/q_6_3_rot0.png> <./figures/q_6_3_rot89.png> <./figures/q_6_3_rot179
.png> <./figures/q_6_3_rot269.png>]
Package atveryend Info: Empty hook `AfterLastShipout' on input line 667.

(./jmonteir_hw5.aux)
Package atveryend Info: Executing hook `AtVeryEndDocument' on input line 667.
Package atveryend Info: Executing hook `AtEndAfterFileList' on input line 667.
Package rerunfilecheck Info: File `jmonteir_hw5.out' has not changed.
(rerunfilecheck)             Checksum: D41D8CD98F00B204E9800998ECF8427E;0.
Package atveryend Info: Empty hook `AtVeryVeryEnd' on input line 667.
 ) 
Here is how much of TeX's memory you used:
 8541 strings out of 483107
 130508 string characters out of 5964630
 379660 words of memory out of 5000000
 23300 multiletter control sequences out of 15000+600000
 541052 words of font info for 56 fonts, out of 8000000 for 9000
 59 hyphenation exceptions out of 8191
 48i,15n,46p,350b,402s stack positions out of 5000i,500n,10000p,200000b,80000s
 </home/piocitos/.texlive2019/texmf-var/fonts/pk/ljfour/jknappen/ec/tcrm1095.
600pk></usr/share/texlive/texmf-dist/fonts/type1/public/amsfonts/cm/cmbx10.pfb>
</usr/share/texlive/texmf-dist/fonts/type1/public/amsfonts/cm/cmex10.pfb></usr/
share/texlive/texmf-dist/fonts/type1/public/amsfonts/cm/cmmi10.pfb></usr/share/
texlive/texmf-dist/fonts/type1/public/amsfonts/cm/cmmi6.pfb></usr/share/texlive
/texmf-dist/fonts/type1/public/amsfonts/cm/cmmi8.pfb></usr/share/texlive/texmf-
dist/fonts/type1/public/amsfonts/cm/cmmib10.pfb></usr/share/texlive/texmf-dist/
fonts/type1/public/amsfonts/cm/cmr10.pfb></usr/share/texlive/texmf-dist/fonts/t
ype1/public/amsfonts/cm/cmr12.pfb></usr/share/texlive/texmf-dist/fonts/type1/pu
blic/amsfonts/cm/cmr6.pfb></usr/share/texlive/texmf-dist/fonts/type1/public/ams
fonts/cm/cmr8.pfb></usr/share/texlive/texmf-dist/fonts/type1/public/amsfonts/cm
/cmsy10.pfb></usr/share/texlive/texmf-dist/fonts/type1/public/amsfonts/cm/cmsy6
.pfb></usr/share/texlive/texmf-dist/fonts/type1/public/amsfonts/cm/cmsy8.pfb></
usr/share/texlive/texmf-dist/fonts/type1/public/amsfonts/symbols/msbm10.pfb>
Output written on jmonteir_hw5.pdf (35 pages, 6545456 bytes).
PDF statistics:
 378 PDF objects out of 1000 (max. 8388607)
 242 compressed objects within 3 object streams
 68 named destinations out of 1000 (max. 500000)
 216 words of extra memory for PDF output out of 10000 (max. 10000000)

